2 3
3 3
4 2
0 1

18 4
9 3
15 3
1 2
2 2
3 2
8 2
10 2
11 2
12 2
16 2
19 2
20 2
22 2
23 2
24 2
0 1
4 1
5 1
6 1

1 3
5 3
4 2
6 2
0 1
2 1

0 2
2 2
4 2
5 2
6 2

1 3
7 3
19 3
2 2
4 2
5 2
6 2
15 2
16 2
17 2
18 2
21 2
23 2

3 3
10 3
1 2
4 2
7 2
12 2
16 2
17 2
44 2
0 1
2 1
5 1
6 1
8 1
9 1
11 1

29 4
3 3
1 2
16 2
17 2
22 2
23 2
24 2
25 2
27 2
28 2
30 2
33 2
0 1
2 1
4 1
5 1
6 1
7 1
8 1

1 3
14 3
6 2
13 2
16 2
0 1
2 1
3 1
4 1
5 1
7 1
8 1
9 1
10 1

3 3
1 2
2 2
4 2
5 2
6 2
7 2
8 2
9 2
12 2
13 2
14 2
15 2
18 2
19 2
20 2
0 1

1 2

6 3
10 3
14 3
15 3
19 3
0 2
3 2

4 3
11 3
1 2
2 2
5 2
6 2
7 2
8 2
9 2
12 2
14 2
18 2
0 1
3 1
10 1

4 3
8 3
2 2
3 2
5 2
7 2
10 2
11 2
24 2
26 2
35 2
44 2
0 1
1 1
6 1
9 1
12 1
13 1
14 1

22 3
1 2
11 2

1 2
2 2

6 3
7 3
10 3
1 2
2 2
4 2
5 2
9 2
13 2
14 2
17 2
20 2
0 1
3 1
8 1
11 1

4 3
2 2
3 2

1 2
7 2
0 1
2 1
3 1
4 1
5 1
6 1
8 1
9 1
10 1
11 1
12 1

2 3
1 2
12 2
16 2
17 2
20 2
21 2
29 2
30 2
0 1
3 1
4 1
5 1
6 1
7 1
8 1
9 1
10 1
11 1
13 1

2 2
9 2
12 2
13 2
14 2
15 2
17 2
21 2
29 2
0 1
1 1
3 1
4 1
5 1
6 1
7 1
8 1
10 1
11 1
16 1

1288 4
1281 3
1283 3
1294 3
69 2
114 2
130 2
344 2
649 2
1282 2
1286 2
1287 2
1291 2
1292 2
1293 2
1717 2
3144 2
4151 2
4170 2
4210 2
