9

83

1

3

54

2

1

6

3

5

2

82

44

3

2

41

1

33

22

2

6

73

45

1

93

1

1

70

2

24

9

5

1

3

1

4

39

30

71

1

54

15

3

1

4

10

48

33

1

75

1

8

2

42

9

1

5

3

6

1

2

1

15

100

9

1

2

1

13

1

16

1

1

100

44

86

10

62

88

82

7

7

2

1

4

1

1

1

90

24

1

1

5

1

6

10

1

12

1

10

17

2

1

5

1

2

7

3

2

87

21

3

24

2

2

7

6

7

2

4

28

58

62

60

12

3

13

1

24

3

2

75

1

61

1

1

34

71

45

1

1

46

1

1

10

7

37

93

6

41

1

4

100

16

1

35

1

10

1

10

45

1

7

4

3

1

2

29

25

11

2

1

4

1

2

71

32

2

5

59

1

11

48

78

58

1

1

16

1

2

52

7

30

1

1

1

1

1

1

47

10

28

85

26

66

86

5

1

1

1

77

46

1

4

1

15

15

1

7

54

76

4

90

1

18

1

5

7

1

60

40

5

97

7

16

96

54

1

1

60

64

3

1

95

23

65

50

11

70

1

82

1

5

1

1

2

75

1

1

3

1

55

94

41

2

25

1

1

5

1

7

73

1

40

36

5

6

72

5

5

1

15

4

6

2

53

99

17

55

1

96

1

8

55

1

38

2

27

1

4

94

40

2

1

4

6

17

32

29

7

1

3

30

12

3

1

82

1

68

42

87

43

43

1

5

6

4

95

57

1

40

5

1

57

1

100

5

41

1

2

2

83

12

59

37

1

21

8

1

13

13

90

86

58

99

30

3

57

1

52

42

4

1

1

22

29

1

46

4

84

97

92

13

97

46

75

4

19

91

63

26

1

4

64

1

4

7

44

1

1

8

1

62

50

1

7

5

56

18

1
