Case 1: 1 0
Case 2: 1 0
Case 3: 1 2
Case 4: 4 8
Case 5: 1 0
Case 6: 1 0
Case 7: 0 2
Case 8: 1 0
Case 9: 1 0
Case 10: 1 0
Case 11: 1 0
Case 12: 0 2
Case 13: 1 0
Case 14: 0 2
Case 15: 1 0
Case 16: 1 0
Case 17: 2153 2236
Case 18: 1 2
Case 19: 1 4
Case 20: 9 10
Case 21: 1 0
Case 22: 2207 2132
Case 23: 1 0
Case 24: 1795 1786
Case 25: 2 2
Case 26: 1 2
Case 27: 1 0
Case 28: 4 2
Case 29: 3453 454
Case 30: 10 8
Case 31: 771 602
Case 32: 1452 1464
Case 33: 829 914
Case 34: 1 0
Case 35: 1 0
Case 36: 11 6
Case 37: 341 332
Case 38: 1 0
Case 39: 17 12
Case 40: 1 0
Case 41: 1 0
Case 42: 1 0
Case 43: 1 6
Case 44: 1 0
Case 45: 0 2
Case 46: 372 402
Case 47: 1 0
Case 48: 5 4
Case 49: 0 2
Case 50: 3 4
